{ Using PSTWRITER 17.2.0 d001Sep-17-2019 at 15:27:13 }

#1 WARNING(ORCAP-36038): "No_connect" property on Pin "J2.9" ignored for J2: MAIN, 02 USBHUB (373.38, 205.74). Connecting pin to net "VCC_3.3V".
#2 WARNING(ORCAP-36038): "No_connect" property on Pin "J2.12" ignored for J2: MAIN, 02 USBHUB (373.38, 205.74). Connecting pin to net "VCC_3.3V".
#3 WARNING(ORCAP-36038): "No_connect" property on Pin "J2.11" ignored for J2: MAIN, 02 USBHUB (373.38, 205.74). Connecting pin to net "N17459440".
#4 WARNING(ORCAP-36038): "No_connect" property on Pin "J2.10" ignored for J2: MAIN, 02 USBHUB (373.38, 205.74). Connecting pin to net "N17459522".
#5 WARNING(ORCAP-36038): "No_connect" property on Pin "U10.14" ignored for U10: MAIN, 03 USB (78.74, 30.48). Connecting pin to net "GPIO.1_ECI".
#6 WARNING(ORCAP-36038): "No_connect" property on Pin "U10.24" ignored for U10: MAIN, 03 USB (78.74, 30.48). Connecting pin to net "GPIO.0_SCI".
#7 WARNING(ORCAP-36038): "No_connect" property on Pin "U10.15" ignored for U10: MAIN, 03 USB (78.74, 30.48). Connecting pin to net "GPIO.0_ECI".
#8 WARNING(ORCAP-36038): "No_connect" property on Pin "U10.23" ignored for U10: MAIN, 03 USB (78.74, 30.48). Connecting pin to net "GPIO.1_SCI".
#9 WARNING(ORCAP-36038): "No_connect" property on Pin "U14.1" ignored for U14: MAIN, 03 USB (228.60, 165.10). Connecting pin to net "N17444239".
INFO(ORCAP-36102): Diff Pair DRC check Warnings:
INFO(ORCAP-17055): Differential pair DP7 has only one net N17444194 associated with it. A valid differential pair must have two nets associated with it. 

#10 WARNING(ORCAP-36006): Part Name "CONN RCPT 3_CN1X3-2P54-Z_CN1X3-2P54-Z" is renamed to "CONN RCPT 3_CN1X3-2P54-Z_CN1X3-".
#11 WARNING(ORCAP-36006): Part Name "CON_RJ45_1X8_F_RA_0_HR911105A_HR911105A" is renamed to "CON_RJ45_1X8_F_RA_0_HR911105A_H".
#12 WARNING(ORCAP-36006): Part Name "CONN RCPT 3_DB128L-5R08-3P_DB128L-5.08-3P" is renamed to "CONN RCPT 3_DB128L-5R08-3P_DB12".
#13 WARNING(ORCAP-36006): Part Name "CONN RCPT 4_CN1X4-2P54-Z_CN1X4-2P54-Z" is renamed to "CONN RCPT 4_CN1X4-2P54-Z_CN1X4-".
#14 WARNING(ORCAP-36006): Part Name "IND_BEAD_0805_600OHM_1_L0805_BLM21PG600" is renamed to "IND_BEAD_0805_600OHM_1_L0805_BL".
#15 WARNING(ORCAP-36006): Part Name "744822222_0_WCM3216_DLW31SN222SQ2L" is renamed to "744822222_0_WCM3216_DLW31SN222S".
#16 WARNING(ORCAP-36006): Part Name "IND_BEAD_0805_600OHM_1_L6030_MWSA0603-1R5MT" is renamed to "IND_BEAD_0805_600OHM_1_L6030_MW".
#17 WARNING(ORCAP-36006): Part Name "CP2105_9_QFN24-4X4X0R5-2R7X2R7_CP2105" is renamed to "CP2105_9_QFN24-4X4X0R5-2R7X2R7_".
#18 WARNING(ORCAP-36006): Part Name "B0505S-1WR2_B0505S-1WR3_B0505S-1WR3" is renamed to "B0505S-1WR2_B0505S-1WR3_B0505S-".
#19 WARNING(ORCAP-36006): Part Name "ADM2483BRWZ-REEL_SOIC-16_300_ADM2483BRWZ-REEL" is renamed to "ADM2483BRWZ-REEL_SOIC-16_300_AD".
#20 WARNING(ORCAP-36006): Part Name "TPS63070RNMR_VQFN15-2R5X3R0X0R5_TPS63070RNMR" is renamed to "TPS63070RNMR_VQFN15-2R5X3R0X0R5".
#21 WARNING(ORCAP-36006): Part Name "LAN9514I-JZX_QFN64-9X9X0R5-7R3X7R3_LAN9514I-JZX" is renamed to "LAN9514I-JZX_QFN64-9X9X0R5-7R3X".
#22 WARNING(ORCAP-36006): Part Name "TPD4E1U06DBVR_SOT363_TPD4E1U06DCKR" is renamed to "TPD4E1U06DBVR_SOT363_TPD4E1U06D".
#23 WARNING(ORCAP-36006): Part Name "TSX-3225_X-4P-3R2X2R5-SMD_DSX321G-25M" is renamed to "TSX-3225_X-4P-3R2X2R5-SMD_DSX32".
#24 WARNING(ORCAP-36006): Part Name "USB-A-DOUBLE_USB-A-DOUBLE_USB-A-DOUBLE" is renamed to "USB-A-DOUBLE_USB-A-DOUBLE_USB-A".
INFO(ORCAP-36080): Scanning netlist files ...

Loading... H:\MBED-TOOLS\HARDWARE\HY_UART_DBUG_V10A\SCH\ALLEGRO/pstchip.dat

Loading... H:\MBED-TOOLS\HARDWARE\HY_UART_DBUG_V10A\SCH\ALLEGRO/pstchip.dat

Loading... H:\MBED-TOOLS\HARDWARE\HY_UART_DBUG_V10A\SCH\ALLEGRO/pstchip.dat

Loading... H:\MBED-TOOLS\HARDWARE\HY_UART_DBUG_V10A\SCH\ALLEGRO/pstxnet.dat
packaging the design view...